# JRE version: OpenJDK Runtime Environment (8.0_392-b08) (build 1.8.0_392-b08)
# Java VM: OpenJDK 64-Bit Server VM (25.392-b08 mixed mode windows-amd64 compressed oops)
Heap:
 PSYoungGen      total 132096K, used 53122K [0x00000000f5580000, 0x00000000fe300000, 0x0000000100000000)
  eden space 121344K, 39% used [0x00000000f5580000,0x00000000f83f5370,0x00000000fcc00000)
  from space 10752K, 51% used [0x00000000fd880000,0x00000000fddeb530,0x00000000fe300000)
  to   space 11776K, 0% used [0x00000000fcc00000,0x00000000fcc00000,0x00000000fd780000)
 ParOldGen       total 175104K, used 7563K [0x00000000e0000000, 0x00000000eab00000, 0x00000000f5580000)
  object space 175104K, 4% used [0x00000000e0000000,0x00000000e0762dd0,0x00000000eab00000)
 Metaspace       used 26802K, capacity 28333K, committed 28544K, reserved 1073152K
  class space    used 3867K, capacity 4217K, committed 4224K, reserved 1048576K
GC Heap History (18 events):
Event: 6.183 GC heap before
{Heap before GC invocations=1 (full 0):
 PSYoungGen      total 76288K, used 65536K [0x00000000f5580000, 0x00000000faa80000, 0x0000000100000000)
  eden space 65536K, 100% used [0x00000000f5580000,0x00000000f9580000,0x00000000f9580000)
  from space 10752K, 0% used [0x00000000fa000000,0x00000000fa000000,0x00000000faa80000)
  to   space 10752K, 0% used [0x00000000f9580000,0x00000000f9580000,0x00000000fa000000)
 ParOldGen       total 175104K, used 0K [0x00000000e0000000, 0x00000000eab00000, 0x00000000f5580000)
  object space 175104K, 0% used [0x00000000e0000000,0x00000000e0000000,0x00000000eab00000)
 Metaspace       used 7903K, capacity 8106K, committed 8320K, reserved 1056768K
  class space    used 934K, capacity 1025K, committed 1152K, reserved 1048576K
Event: 6.191 GC heap after
Heap after GC invocations=1 (full 0):
 PSYoungGen      total 76288K, used 4730K [0x00000000f5580000, 0x00000000faa80000, 0x0000000100000000)
  eden space 65536K, 0% used [0x00000000f5580000,0x00000000f5580000,0x00000000f9580000)
  from space 10752K, 43% used [0x00000000f9580000,0x00000000f9a1ea58,0x00000000fa000000)
  to   space 10752K, 0% used [0x00000000fa000000,0x00000000fa000000,0x00000000faa80000)
 ParOldGen       total 175104K, used 16K [0x00000000e0000000, 0x00000000eab00000, 0x00000000f5580000)
  object space 175104K, 0% used [0x00000000e0000000,0x00000000e0004000,0x00000000eab00000)
 Metaspace       used 7903K, capacity 8106K, committed 8320K, reserved 1056768K
  class space    used 934K, capacity 1025K, committed 1152K, reserved 1048576K
}
Event: 7.239 GC heap before
{Heap before GC invocations=2 (full 0):
 PSYoungGen      total 76288K, used 70266K [0x00000000f5580000, 0x00000000faa80000, 0x0000000100000000)
  eden space 65536K, 100% used [0x00000000f5580000,0x00000000f9580000,0x00000000f9580000)
  from space 10752K, 43% used [0x00000000f9580000,0x00000000f9a1ea58,0x00000000fa000000)
  to   space 10752K, 0% used [0x00000000fa000000,0x00000000fa000000,0x00000000faa80000)
 ParOldGen       total 175104K, used 16K [0x00000000e0000000, 0x00000000eab00000, 0x00000000f5580000)
  object space 175104K, 0% used [0x00000000e0000000,0x00000000e0004000,0x00000000eab00000)
 Metaspace       used 8590K, capacity 8848K, committed 9088K, reserved 1056768K
  class space    used 1012K, capacity 1122K, committed 1152K, reserved 1048576K
Event: 7.248 GC heap after
Heap after GC invocations=2 (full 0):
 PSYoungGen      total 76288K, used 5157K [0x00000000f5580000, 0x00000000faa80000, 0x0000000100000000)
  eden space 65536K, 0% used [0x00000000f5580000,0x00000000f5580000,0x00000000f9580000)
  from space 10752K, 47% used [0x00000000fa000000,0x00000000fa509490,0x00000000faa80000)
  to   space 10752K, 0% used [0x00000000f9580000,0x00000000f9580000,0x00000000fa000000)
 ParOldGen       total 175104K, used 24K [0x00000000e0000000, 0x00000000eab00000, 0x00000000f5580000)
  object space 175104K, 0% used [0x00000000e0000000,0x00000000e0006000,0x00000000eab00000)
 Metaspace       used 8590K, capacity 8848K, committed 9088K, reserved 1056768K
  class space    used 1012K, capacity 1122K, committed 1152K, reserved 1048576K
}
Event: 8.432 GC heap before
{Heap before GC invocations=3 (full 0):
 PSYoungGen      total 76288K, used 70693K [0x00000000f5580000, 0x00000000faa80000, 0x0000000100000000)
  eden space 65536K, 100% used [0x00000000f5580000,0x00000000f9580000,0x00000000f9580000)
  from space 10752K, 47% used [0x00000000fa000000,0x00000000fa509490,0x00000000faa80000)
  to   space 10752K, 0% used [0x00000000f9580000,0x00000000f9580000,0x00000000fa000000)
 ParOldGen       total 175104K, used 24K [0x00000000e0000000, 0x00000000eab00000, 0x00000000f5580000)
  object space 175104K, 0% used [0x00000000e0000000,0x00000000e0006000,0x00000000eab00000)
 Metaspace       used 10985K, capacity 11278K, committed 11520K, reserved 1058816K
  class space    used 1352K, capacity 1459K, committed 1536K, reserved 1048576K
Event: 8.442 GC heap after
Heap after GC invocations=3 (full 0):
 PSYoungGen      total 76288K, used 7138K [0x00000000f5580000, 0x00000000faa80000, 0x0000000100000000)
  eden space 65536K, 0% used [0x00000000f5580000,0x00000000f5580000,0x00000000f9580000)
  from space 10752K, 66% used [0x00000000f9580000,0x00000000f9c78808,0x00000000fa000000)
  to   space 10752K, 0% used [0x00000000fa000000,0x00000000fa000000,0x00000000faa80000)
 ParOldGen       total 175104K, used 32K [0x00000000e0000000, 0x00000000eab00000, 0x00000000f5580000)
  object space 175104K, 0% used [0x00000000e0000000,0x00000000e0008000,0x00000000eab00000)
 Metaspace       used 10985K, capacity 11278K, committed 11520K, reserved 1058816K
  class space    used 1352K, capacity 1459K, committed 1536K, reserved 1048576K
}
Event: 12.307 GC heap before
{Heap before GC invocations=4 (full 0):
 PSYoungGen      total 76288K, used 72674K [0x00000000f5580000, 0x00000000faa80000, 0x0000000100000000)
  eden space 65536K, 100% used [0x00000000f5580000,0x00000000f9580000,0x00000000f9580000)
  from space 10752K, 66% used [0x00000000f9580000,0x00000000f9c78808,0x00000000fa000000)
  to   space 10752K, 0% used [0x00000000fa000000,0x00000000fa000000,0x00000000faa80000)
 ParOldGen       total 175104K, used 32K [0x00000000e0000000, 0x00000000eab00000, 0x00000000f5580000)
  object space 175104K, 0% used [0x00000000e0000000,0x00000000e0008000,0x00000000eab00000)
 Metaspace       used 16816K, capacity 17310K, committed 17408K, reserved 1064960K
  class space    used 2140K, capacity 2257K, committed 2304K, reserved 1048576K
Event: 12.318 GC heap after
Heap after GC invocations=4 (full 0):
 PSYoungGen      total 76288K, used 9839K [0x00000000f5580000, 0x00000000faa80000, 0x0000000100000000)
  eden space 65536K, 0% used [0x00000000f5580000,0x00000000f5580000,0x00000000f9580000)
  from space 10752K, 91% used [0x00000000fa000000,0x00000000fa99be60,0x00000000faa80000)
  to   space 10752K, 0% used [0x00000000f9580000,0x00000000f9580000,0x00000000fa000000)
 ParOldGen       total 175104K, used 40K [0x00000000e0000000, 0x00000000eab00000, 0x00000000f5580000)
  object space 175104K, 0% used [0x00000000e0000000,0x00000000e000a000,0x00000000eab00000)
 Metaspace       used 16816K, capacity 17310K, committed 17408K, reserved 1064960K
  class space    used 2140K, capacity 2257K, committed 2304K, reserved 1048576K
}
Event: 13.341 GC heap before
{Heap before GC invocations=5 (full 0):
 PSYoungGen      total 76288K, used 75375K [0x00000000f5580000, 0x00000000faa80000, 0x0000000100000000)
  eden space 65536K, 100% used [0x00000000f5580000,0x00000000f9580000,0x00000000f9580000)
  from space 10752K, 91% used [0x00000000fa000000,0x00000000fa99be60,0x00000000faa80000)
  to   space 10752K, 0% used [0x00000000f9580000,0x00000000f9580000,0x00000000fa000000)
 ParOldGen       total 175104K, used 40K [0x00000000e0000000, 0x00000000eab00000, 0x00000000f5580000)
  object space 175104K, 0% used [0x00000000e0000000,0x00000000e000a000,0x00000000eab00000)
 Metaspace       used 20083K, capacity 20930K, committed 21120K, reserved 1067008K
  class space    used 2692K, capacity 2899K, committed 2944K, reserved 1048576K
Event: 13.354 GC heap after
Heap after GC invocations=5 (full 0):
 PSYoungGen      total 74752K, used 10368K [0x00000000f5580000, 0x00000000fac00000, 0x0000000100000000)
  eden space 64000K, 0% used [0x00000000f5580000,0x00000000f5580000,0x00000000f9400000)
  from space 10752K, 96% used [0x00000000f9580000,0x00000000f9fa00a0,0x00000000fa000000)
  to   space 12288K, 0% used [0x00000000fa000000,0x00000000fa000000,0x00000000fac00000)
 ParOldGen       total 175104K, used 48K [0x00000000e0000000, 0x00000000eab00000, 0x00000000f5580000)
  object space 175104K, 0% used [0x00000000e0000000,0x00000000e000c000,0x00000000eab00000)
 Metaspace       used 20083K, capacity 20930K, committed 21120K, reserved 1067008K
  class space    used 2692K, capacity 2899K, committed 2944K, reserved 1048576K
}
Event: 13.406 GC heap before
{Heap before GC invocations=6 (full 0):
 PSYoungGen      total 74752K, used 13758K [0x00000000f5580000, 0x00000000fac00000, 0x0000000100000000)
  eden space 64000K, 5% used [0x00000000f5580000,0x00000000f58cfb48,0x00000000f9400000)
  from space 10752K, 96% used [0x00000000f9580000,0x00000000f9fa00a0,0x00000000fa000000)
  to   space 12288K, 0% used [0x00000000fa000000,0x00000000fa000000,0x00000000fac00000)
 ParOldGen       total 175104K, used 48K [0x00000000e0000000, 0x00000000eab00000, 0x00000000f5580000)
  object space 175104K, 0% used [0x00000000e0000000,0x00000000e000c000,0x00000000eab00000)
 Metaspace       used 20356K, capacity 21189K, committed 21296K, reserved 1067008K
  class space    used 2726K, capacity 2944K, committed 2944K, reserved 1048576K
Event: 13.413 GC heap after
Heap after GC invocations=6 (full 0):
 PSYoungGen      total 76800K, used 7770K [0x00000000f5580000, 0x00000000fe980000, 0x0000000100000000)
  eden space 64512K, 0% used [0x00000000f5580000,0x00000000f5580000,0x00000000f9480000)
  from space 12288K, 63% used [0x00000000fa000000,0x00000000fa796b10,0x00000000fac00000)
  to   space 11776K, 0% used [0x00000000f9480000,0x00000000f9480000,0x00000000fa000000)
 ParOldGen       total 175104K, used 56K [0x00000000e0000000, 0x00000000eab00000, 0x00000000f5580000)
  object space 175104K, 0% used [0x00000000e0000000,0x00000000e000e000,0x00000000eab00000)
 Metaspace       used 20356K, capacity 21189K, committed 21296K, reserved 1067008K
  class space    used 2726K, capacity 2944K, committed 2944K, reserved 1048576K
}
Event: 13.413 GC heap before
{Heap before GC invocations=7 (full 1):
 PSYoungGen      total 76800K, used 7770K [0x00000000f5580000, 0x00000000fe980000, 0x0000000100000000)
  eden space 64512K, 0% used [0x00000000f5580000,0x00000000f5580000,0x00000000f9480000)
  from space 12288K, 63% used [0x00000000fa000000,0x00000000fa796b10,0x00000000fac00000)
  to   space 11776K, 0% used [0x00000000f9480000,0x00000000f9480000,0x00000000fa000000)
 ParOldGen       total 175104K, used 56K [0x00000000e0000000, 0x00000000eab00000, 0x00000000f5580000)
  object space 175104K, 0% used [0x00000000e0000000,0x00000000e000e000,0x00000000eab00000)
 Metaspace       used 20356K, capacity 21189K, committed 21296K, reserved 1067008K
  class space    used 2726K, capacity 2944K, committed 2944K, reserved 1048576K
Event: 13.456 GC heap after
Heap after GC invocations=7 (full 1):
 PSYoungGen      total 76800K, used 0K [0x00000000f5580000, 0x00000000fe980000, 0x0000000100000000)
  eden space 64512K, 0% used [0x00000000f5580000,0x00000000f5580000,0x00000000f9480000)
  from space 12288K, 0% used [0x00000000fa000000,0x00000000fa000000,0x00000000fac00000)
  to   space 11776K, 0% used [0x00000000f9480000,0x00000000f9480000,0x00000000fa000000)
 ParOldGen       total 175104K, used 7555K [0x00000000e0000000, 0x00000000eab00000, 0x00000000f5580000)
  object space 175104K, 4% used [0x00000000e0000000,0x00000000e0760dd0,0x00000000eab00000)
 Metaspace       used 20356K, capacity 21189K, committed 21296K, reserved 1067008K
  class space    used 2726K, capacity 2944K, committed 2944K, reserved 1048576K
}
Event: 14.298 GC heap before
{Heap before GC invocations=8 (full 1):
 PSYoungGen      total 76800K, used 64512K [0x00000000f5580000, 0x00000000fe980000, 0x0000000100000000)
  eden space 64512K, 100% used [0x00000000f5580000,0x00000000f9480000,0x00000000f9480000)
  from space 12288K, 0% used [0x00000000fa000000,0x00000000fa000000,0x00000000fac00000)
  to   space 11776K, 0% used [0x00000000f9480000,0x00000000f9480000,0x00000000fa000000)
 ParOldGen       total 175104K, used 7555K [0x00000000e0000000, 0x00000000eab00000, 0x00000000f5580000)
  object space 175104K, 4% used [0x00000000e0000000,0x00000000e0760dd0,0x00000000eab00000)
 Metaspace       used 22422K, capacity 23363K, committed 23680K, reserved 1069056K
  class space    used 3117K, capacity 3354K, committed 3456K, reserved 1048576K
Event: 14.303 GC heap after
Heap after GC invocations=8 (full 1):
 PSYoungGen      total 76288K, used 3802K [0x00000000f5580000, 0x00000000fe400000, 0x0000000100000000)
  eden space 64512K, 0% used [0x00000000f5580000,0x00000000f5580000,0x00000000f9480000)
  from space 11776K, 32% used [0x00000000f9480000,0x00000000f9836aa0,0x00000000fa000000)
  to   space 11776K, 0% used [0x00000000fd880000,0x00000000fd880000,0x00000000fe400000)
 ParOldGen       total 175104K, used 7555K [0x00000000e0000000, 0x00000000eab00000, 0x00000000f5580000)
  object space 175104K, 4% used [0x00000000e0000000,0x00000000e0760dd0,0x00000000eab00000)
 Metaspace       used 22422K, capacity 23363K, committed 23680K, reserved 1069056K
  class space    used 3117K, capacity 3354K, committed 3456K, reserved 1048576K
}
Event: 15.555 GC heap before
{Heap before GC invocations=9 (full 1):
 PSYoungGen      total 76288K, used 68314K [0x00000000f5580000, 0x00000000fe400000, 0x0000000100000000)
  eden space 64512K, 100% used [0x00000000f5580000,0x00000000f9480000,0x00000000f9480000)
  from space 11776K, 32% used [0x00000000f9480000,0x00000000f9836aa0,0x00000000fa000000)
  to   space 11776K, 0% used [0x00000000fd880000,0x00000000fd880000,0x00000000fe400000)
 ParOldGen       total 175104K, used 7555K [0x00000000e0000000, 0x00000000eab00000, 0x00000000f5580000)
  object space 175104K, 4% used [0x00000000e0000000,0x00000000e0760dd0,0x00000000eab00000)
 Metaspace       used 24837K, capacity 25971K, committed 26112K, reserved 1071104K
  class space    used 3506K, capacity 3766K, committed 3840K, reserved 1048576K
Event: 15.569 GC heap after
Heap after GC invocations=9 (full 1):
 PSYoungGen      total 132096K, used 5549K [0x00000000f5580000, 0x00000000fe300000, 0x0000000100000000)
  eden space 121344K, 0% used [0x00000000f5580000,0x00000000f5580000,0x00000000fcc00000)
  from space 10752K, 51% used [0x00000000fd880000,0x00000000fddeb530,0x00000000fe300000)
  to   space 11776K, 0% used [0x00000000fcc00000,0x00000000fcc00000,0x00000000fd780000)
 ParOldGen       total 175104K, used 7563K [0x00000000e0000000, 0x00000000eab00000, 0x00000000f5580000)
  object space 175104K, 4% used [0x00000000e0000000,0x00000000e0762dd0,0x00000000eab00000)
 Metaspace       used 24837K, capacity 25971K, committed 26112K, reserved 1071104K
  class space    used 3506K, capacity 3766K, committed 3840K, reserved 1048576K
}

